<?xml version="1.0" encoding="UTF-8"?>
<!-- Generated by org.testng.reporters.JUnitReportReporter -->
<testsuite hostname="THANHH303" failures="0" tests="1" name="testLoginAp.LoginTest" time="1.521" errors="0" timestamp="2023-04-13T10:40:50 ICT" skipped="0">
  <testcase classname="testLoginAp.LoginTest" name="testLoginWithInvalidPassword" time="1.521"/>
  <system-out/>
</testsuite> <!-- testLoginAp.LoginTest -->
